  my.cpp
d:\projects\fvploader\source\nativelib\ntexapi.h(3344): warning C4091: 'typedef ': ignored on left of '_INTERFACE_TYPE' when no variable is declared
d:\projects\fvploader\source\nativelib\my.h(2171): warning C4005: 'RTL_CONSTANT_STRING': macro redefinition
  d:\projects\fvploader\source\nativelib\phnt_ntdef.h(120): note: see previous definition of 'RTL_CONSTANT_STRING'
d:\projects\fvploader\source\nativelib\my.h(5966): warning C4819: The file contains a character that cannot be represented in the current code page (936). Save the file in Unicode format to prevent data loss
d:\projects\fvploader\source\nativelib\my.h(10340): warning C4244: 'argument': conversion from 'unsigned __int64' to 'size_t', possible loss of data
  d:\projects\fvploader\source\nativelib\my.h(10327): note: while compiling class template member function 'void ml::StringImplementT<STRING_LENGTH_TYPE,LARGE_LENGTH_TYPE>::CopyString(ml::StringImplementT<STRING_LENGTH_TYPE,LARGE_LENGTH_TYPE>::STRING_CONST_POINTER_TYPE,unsigned __int64,BOOL)'
          with
          [
              STRING_LENGTH_TYPE=ULONG,
              LARGE_LENGTH_TYPE=ULONG64
          ]
  d:\projects\fvploader\source\nativelib\my.h(10181): note: see reference to function template instantiation 'void ml::StringImplementT<STRING_LENGTH_TYPE,LARGE_LENGTH_TYPE>::CopyString(ml::StringImplementT<STRING_LENGTH_TYPE,LARGE_LENGTH_TYPE>::STRING_CONST_POINTER_TYPE,unsigned __int64,BOOL)' being compiled
          with
          [
              STRING_LENGTH_TYPE=ULONG,
              LARGE_LENGTH_TYPE=ULONG64
          ]
  d:\projects\fvploader\source\nativelib\my.h(10462): note: see reference to class template instantiation 'ml::StringImplementT<STRING_LENGTH_TYPE,LARGE_LENGTH_TYPE>' being compiled
          with
          [
              STRING_LENGTH_TYPE=ULONG,
              LARGE_LENGTH_TYPE=ULONG64
          ]
  d:\projects\fvploader\source\nativelib\my.h(11702): note: see reference to class template instantiation 'ml::StringT<ULONG,ULONG64>' being compiled
  NativeLib.vcxproj -> D:\projects\FVPLoader\source\Release\NativeLib.lib
